<?xml version="1.0" encoding="UTF-8"?>
<!-- Generated by org.testng.reporters.JUnitReportReporter -->
<testsuite hostname="AnKusH" name="com.OrangeHRM.testcases.HomePageTest" tests="1" failures="0" timestamp="29 Jun 2020 11:35:49 GMT" time="20.519" errors="0">
  <testcase name="clickOnAdminTab" time="20.519" classname="com.OrangeHRM.testcases.HomePageTest"/>
</testsuite> <!-- com.OrangeHRM.testcases.HomePageTest -->
