<?xml version="1.0" encoding="UTF-8"?>
<!-- Generated by org.testng.reporters.JUnitReportReporter -->
<testsuite hostname="AnKusH" name="com.OrangeHRM.testcases.HomePageTest" tests="1" failures="0" timestamp="26 Jun 2020 14:05:57 GMT" time="19.921" errors="0">
  <testcase name="clickOnAdminTab" time="19.921" classname="com.OrangeHRM.testcases.HomePageTest"/>
</testsuite> <!-- com.OrangeHRM.testcases.HomePageTest -->
