<?xml version="1.0" encoding="UTF-8"?>
<!-- Generated by org.testng.reporters.JUnitReportReporter -->
<testsuite hostname="AnKusH" name="com.OrangeHRM.testcases.LoginPageTest" tests="2" failures="0" timestamp="26 Jun 2020 14:05:57 GMT" time="30.486" errors="0">
  <testcase name="loginTest" time="19.355" classname="com.OrangeHRM.testcases.LoginPageTest"/>
  <testcase name="logoTest" time="11.131" classname="com.OrangeHRM.testcases.LoginPageTest"/>
</testsuite> <!-- com.OrangeHRM.testcases.LoginPageTest -->
