<?xml version="1.0" encoding="UTF-8"?>
<!-- Generated by org.testng.reporters.JUnitReportReporter -->
<testsuite hostname="AnKusH" name="com.OrangeHRM.testcases.LoginPageTest" tests="2" failures="0" timestamp="29 Jun 2020 11:35:49 GMT" time="29.735" errors="0">
  <testcase name="logoTest" time="12.173" classname="com.OrangeHRM.testcases.LoginPageTest"/>
  <testcase name="loginTest" time="17.562" classname="com.OrangeHRM.testcases.LoginPageTest"/>
</testsuite> <!-- com.OrangeHRM.testcases.LoginPageTest -->
